<?xml version="1.0" encoding="UTF-8"?>
<testsuite xmlns:xsi="http://www.w3.org/2001/XMLSchema-instance" xsi:noNamespaceSchemaLocation="https://maven.apache.org/surefire/maven-surefire-plugin/xsd/surefire-test-report-3.0.xsd" version="3.0" name="com.restaurant.RestaurantApplicationTests" time="11.022" tests="1" errors="0" skipped="0" failures="0">
  <properties>
[...]
</properties>
  <testcase name="contextLoads" classname="com.restaurant.RestaurantApplicationTests" time="0.901">
    <system-out><![CDATA[09:42:41.249 [main] INFO org.springframework.test.context.support.AnnotationConfigContextLoaderUtils -- Could not detect default configuration classes for test class [com.restaurant.RestaurantApplicationTests]: RestaurantApplicationTests does not declare any static, non-private, non-final, nested classes annotated with @Configuration.
09:42:41.335 [main] INFO org.springframework.boot.test.context.SpringBootTestContextBootstrapper -- Found @SpringBootConfiguration com.restaurant.RestaurantApplication for test class com.restaurant.RestaurantApplicationTests

  .   ____          _            __ _ _
 /\\ / ___'_ __ _ _(_)_ __  __ _ \ \ \ \
( ( )\___ | '_ | '_| | '_ \/ _` | \ \ \ \
 \\/  ___)| |_)| | | | | || (_| |  ) ) ) )
  '  |____| .__|_| |_|_| |_\__, | / / / /
 =========|_|==============|___/=/_/_/_/
 :: Spring Boot ::                (v3.1.1)

2023-08-23T09:42:41.784+07:00  INFO 139520 --- [           main] c.restaurant.RestaurantApplicationTests  : Starting RestaurantApplicationTests using Java 18.0.2 with PID 139520 (started by internnkvan1 in /home/internnkvan1/MyFile/RestaurantManagement-API/restaurant)
2023-08-23T09:42:41.785+07:00 DEBUG 139520 --- [           main] c.restaurant.RestaurantApplicationTests  : Running with Spring Boot v3.1.1, Spring v6.0.10
2023-08-23T09:42:41.786+07:00  INFO 139520 --- [           main] c.restaurant.RestaurantApplicationTests  : No active profile set, falling back to 1 default profile: "default"
2023-08-23T09:42:42.537+07:00  INFO 139520 --- [           main] .s.d.r.c.RepositoryConfigurationDelegate : Bootstrapping Spring Data JPA repositories in DEFAULT mode.
2023-08-23T09:42:42.612+07:00  INFO 139520 --- [           main] .s.d.r.c.RepositoryConfigurationDelegate : Finished Spring Data repository scanning in 68 ms. Found 2 JPA repository interfaces.
2023-08-23T09:42:43.152+07:00  INFO 139520 --- [           main] o.hibernate.jpa.internal.util.LogHelper  : HHH000204: Processing PersistenceUnitInfo [name: default]
2023-08-23T09:42:43.193+07:00  INFO 139520 --- [           main] org.hibernate.Version                    : HHH000412: Hibernate ORM core version 6.2.5.Final
2023-08-23T09:42:43.195+07:00  INFO 139520 --- [           main] org.hibernate.cfg.Environment            : HHH000406: Using bytecode reflection optimizer
2023-08-23T09:42:43.315+07:00  INFO 139520 --- [           main] o.h.b.i.BytecodeProviderInitiator        : HHH000021: Bytecode provider name : bytebuddy
2023-08-23T09:42:43.410+07:00  INFO 139520 --- [           main] o.s.o.j.p.SpringPersistenceUnitInfo      : No LoadTimeWeaver setup: ignoring JPA class transformer
2023-08-23T09:42:43.443+07:00  INFO 139520 --- [           main] com.zaxxer.hikari.HikariDataSource       : HikariPool-1 - Starting...
2023-08-23T09:42:43.763+07:00  INFO 139520 --- [           main] com.zaxxer.hikari.pool.HikariPool        : HikariPool-1 - Added connection com.mysql.cj.jdbc.ConnectionImpl@37cfda1c
2023-08-23T09:42:43.765+07:00  INFO 139520 --- [           main] com.zaxxer.hikari.HikariDataSource       : HikariPool-1 - Start completed.
2023-08-23T09:42:43.803+07:00  WARN 139520 --- [           main] org.hibernate.orm.deprecation            : HHH90000026: MySQL8Dialect has been deprecated; use org.hibernate.dialect.MySQLDialect instead
2023-08-23T09:42:43.996+07:00  INFO 139520 --- [           main] o.h.b.i.BytecodeProviderInitiator        : HHH000021: Bytecode provider name : bytebuddy
2023-08-23T09:42:44.624+07:00  INFO 139520 --- [           main] o.h.e.t.j.p.i.JtaPlatformInitiator       : HHH000490: Using JtaPlatform implementation: [org.hibernate.engine.transaction.jta.platform.internal.NoJtaPlatform]
Hibernate: alter table additional_details modify column created_date  datetime(6)
Hibernate: alter table additional_details modify column updated_date  datetime(6)
Hibernate: alter table bill_details modify column created_date  datetime(6)
Hibernate: alter table bill_details modify column updated_date  datetime(6)
Hibernate: alter table bill_details modify column unit_price  float(53)
Hibernate: alter table bills modify column created_date  datetime(6)
Hibernate: alter table bills modify column updated_date  datetime(6)
Hibernate: alter table bills modify column total_price  float(53)
Hibernate: alter table menu_items modify column created_date  datetime(6)
Hibernate: alter table menu_items modify column updated_date  datetime(6)
Hibernate: alter table menu_items modify column price  float(53)
2023-08-23T09:42:49.351+07:00  INFO 139520 --- [           main] j.LocalContainerEntityManagerFactoryBean : Initialized JPA EntityManagerFactory for persistence unit 'default'
2023-08-23T09:42:49.648+07:00  INFO 139520 --- [           main] o.s.d.j.r.query.QueryEnhancerFactory     : Hibernate is in classpath; If applicable, HQL parser will be used.
2023-08-23T09:42:50.612+07:00  WARN 139520 --- [           main] JpaBaseConfiguration$JpaWebConfiguration : spring.jpa.open-in-view is enabled by default. Therefore, database queries may be performed during view rendering. Explicitly configure spring.jpa.open-in-view to disable this warning
2023-08-23T09:42:51.221+07:00  INFO 139520 --- [           main] c.restaurant.RestaurantApplicationTests  : Started RestaurantApplicationTests in 9.761 seconds (process running for 10.602)
]]></system-out>
  </testcase>
</testsuite>